ERROR 2025-10-12 13:23:13,008 signal 276817 133828122591360 Signal handler <bound method DjangoFixup.on_import_modules of <celery.fixups.django.DjangoFixup object at 0x79b7478a1eb0>> raised: ModuleNotFoundError("No module named 'product'")
Traceback (most recent call last):
  File "/home/santhakumar/Documents/Pharmacy-web-App/backend/venv/lib/python3.12/site-packages/celery/utils/dispatch/signal.py", line 276, in send
    response = receiver(signal=self, sender=sender, **named)
               ^^^^^^^^^^^^^^^^^^^^^^^^^^^^^^^^^^^^^^^^^^^^^
  File "/home/santhakumar/Documents/Pharmacy-web-App/backend/venv/lib/python3.12/site-packages/celery/fixups/django.py", line 97, in on_import_modules
    self.worker_fixup.validate_models()
  File "/home/santhakumar/Documents/Pharmacy-web-App/backend/venv/lib/python3.12/site-packages/celery/fixups/django.py", line 135, in validate_models
    self.django_setup()
  File "/home/santhakumar/Documents/Pharmacy-web-App/backend/venv/lib/python3.12/site-packages/celery/fixups/django.py", line 131, in django_setup
    django.setup()
  File "/home/santhakumar/Documents/Pharmacy-web-App/backend/venv/lib/python3.12/site-packages/django/__init__.py", line 24, in setup
    apps.populate(settings.INSTALLED_APPS)
  File "/home/santhakumar/Documents/Pharmacy-web-App/backend/venv/lib/python3.12/site-packages/django/apps/registry.py", line 91, in populate
    app_config = AppConfig.create(entry)
                 ^^^^^^^^^^^^^^^^^^^^^^^
  File "/home/santhakumar/Documents/Pharmacy-web-App/backend/venv/lib/python3.12/site-packages/django/apps/config.py", line 193, in create
    import_module(entry)
  File "/usr/lib/python3.12/importlib/__init__.py", line 90, in import_module
    return _bootstrap._gcd_import(name[level:], package, level)
           ^^^^^^^^^^^^^^^^^^^^^^^^^^^^^^^^^^^^^^^^^^^^^^^^^^^^
  File "<frozen importlib._bootstrap>", line 1387, in _gcd_import
  File "<frozen importlib._bootstrap>", line 1360, in _find_and_load
  File "<frozen importlib._bootstrap>", line 1324, in _find_and_load_unlocked
ModuleNotFoundError: No module named 'product'
ERROR 2025-10-12 13:23:13,014 signal 276817 133828122591360 Signal handler <promise@0x79b74751ae90 --> <bound method Celery._autodiscover_tasks of <Celery backend at 0x79b747cb5d00>>> raised: AppRegistryNotReady("Apps aren't loaded yet.")
Traceback (most recent call last):
  File "/home/santhakumar/Documents/Pharmacy-web-App/backend/venv/lib/python3.12/site-packages/celery/utils/dispatch/signal.py", line 276, in send
    response = receiver(signal=self, sender=sender, **named)
               ^^^^^^^^^^^^^^^^^^^^^^^^^^^^^^^^^^^^^^^^^^^^^
  File "/home/santhakumar/Documents/Pharmacy-web-App/backend/venv/lib/python3.12/site-packages/vine/promises.py", line 161, in __call__
    return self.throw()
           ^^^^^^^^^^^^
  File "/home/santhakumar/Documents/Pharmacy-web-App/backend/venv/lib/python3.12/site-packages/vine/promises.py", line 158, in __call__
    retval = fun(*final_args, **final_kwargs)
             ^^^^^^^^^^^^^^^^^^^^^^^^^^^^^^^^
  File "/home/santhakumar/Documents/Pharmacy-web-App/backend/venv/lib/python3.12/site-packages/celery/app/base.py", line 691, in _autodiscover_tasks
    return self._autodiscover_tasks_from_fixups(related_name)
           ^^^^^^^^^^^^^^^^^^^^^^^^^^^^^^^^^^^^^^^^^^^^^^^^^^
  File "/home/santhakumar/Documents/Pharmacy-web-App/backend/venv/lib/python3.12/site-packages/celery/app/base.py", line 703, in _autodiscover_tasks_from_fixups
    for pkg in fixup.autodiscover_tasks()
               ^^^^^^^^^^^^^^^^^^^^^^^^^^
  File "/home/santhakumar/Documents/Pharmacy-web-App/backend/venv/lib/python3.12/site-packages/celery/fixups/django.py", line 107, in autodiscover_tasks
    return [config.name for config in apps.get_app_configs()]
                                      ^^^^^^^^^^^^^^^^^^^^^^
  File "/home/santhakumar/Documents/Pharmacy-web-App/backend/venv/lib/python3.12/site-packages/django/apps/registry.py", line 147, in get_app_configs
    self.check_apps_ready()
  File "/home/santhakumar/Documents/Pharmacy-web-App/backend/venv/lib/python3.12/site-packages/django/apps/registry.py", line 138, in check_apps_ready
    raise AppRegistryNotReady("Apps aren't loaded yet.")
django.core.exceptions.AppRegistryNotReady: Apps aren't loaded yet.
ERROR 2025-10-12 13:24:04,193 signal 277303 124004395982976 Signal handler <bound method DjangoFixup.on_import_modules of <celery.fixups.django.DjangoFixup object at 0x70c803b3d7f0>> raised: ImproperlyConfigured("Cannot import 'product'. Check that 'backend.product.apps.ProductConfig.name' is correct.")
Traceback (most recent call last):
  File "/home/santhakumar/Documents/Pharmacy-web-App/backend/venv/lib/python3.12/site-packages/django/apps/config.py", line 210, in create
    app_module = import_module(app_name)
                 ^^^^^^^^^^^^^^^^^^^^^^^
  File "/usr/lib/python3.12/importlib/__init__.py", line 90, in import_module
    return _bootstrap._gcd_import(name[level:], package, level)
           ^^^^^^^^^^^^^^^^^^^^^^^^^^^^^^^^^^^^^^^^^^^^^^^^^^^^
  File "<frozen importlib._bootstrap>", line 1387, in _gcd_import
  File "<frozen importlib._bootstrap>", line 1360, in _find_and_load
  File "<frozen importlib._bootstrap>", line 1324, in _find_and_load_unlocked
ModuleNotFoundError: No module named 'product'

During handling of the above exception, another exception occurred:

Traceback (most recent call last):
  File "/home/santhakumar/Documents/Pharmacy-web-App/backend/venv/lib/python3.12/site-packages/celery/utils/dispatch/signal.py", line 276, in send
    response = receiver(signal=self, sender=sender, **named)
               ^^^^^^^^^^^^^^^^^^^^^^^^^^^^^^^^^^^^^^^^^^^^^
  File "/home/santhakumar/Documents/Pharmacy-web-App/backend/venv/lib/python3.12/site-packages/celery/fixups/django.py", line 97, in on_import_modules
    self.worker_fixup.validate_models()
  File "/home/santhakumar/Documents/Pharmacy-web-App/backend/venv/lib/python3.12/site-packages/celery/fixups/django.py", line 135, in validate_models
    self.django_setup()
  File "/home/santhakumar/Documents/Pharmacy-web-App/backend/venv/lib/python3.12/site-packages/celery/fixups/django.py", line 131, in django_setup
    django.setup()
  File "/home/santhakumar/Documents/Pharmacy-web-App/backend/venv/lib/python3.12/site-packages/django/__init__.py", line 24, in setup
    apps.populate(settings.INSTALLED_APPS)
  File "/home/santhakumar/Documents/Pharmacy-web-App/backend/venv/lib/python3.12/site-packages/django/apps/registry.py", line 91, in populate
    app_config = AppConfig.create(entry)
                 ^^^^^^^^^^^^^^^^^^^^^^^
  File "/home/santhakumar/Documents/Pharmacy-web-App/backend/venv/lib/python3.12/site-packages/django/apps/config.py", line 212, in create
    raise ImproperlyConfigured(
django.core.exceptions.ImproperlyConfigured: Cannot import 'product'. Check that 'backend.product.apps.ProductConfig.name' is correct.
ERROR 2025-10-12 13:24:04,196 signal 277303 124004395982976 Signal handler <promise@0x70c8039d2e90 --> <bound method Celery._autodiscover_tasks of <Celery backend at 0x70c803d789b0>>> raised: AppRegistryNotReady("Apps aren't loaded yet.")
Traceback (most recent call last):
  File "/home/santhakumar/Documents/Pharmacy-web-App/backend/venv/lib/python3.12/site-packages/celery/utils/dispatch/signal.py", line 276, in send
    response = receiver(signal=self, sender=sender, **named)
               ^^^^^^^^^^^^^^^^^^^^^^^^^^^^^^^^^^^^^^^^^^^^^
  File "/home/santhakumar/Documents/Pharmacy-web-App/backend/venv/lib/python3.12/site-packages/vine/promises.py", line 161, in __call__
    return self.throw()
           ^^^^^^^^^^^^
  File "/home/santhakumar/Documents/Pharmacy-web-App/backend/venv/lib/python3.12/site-packages/vine/promises.py", line 158, in __call__
    retval = fun(*final_args, **final_kwargs)
             ^^^^^^^^^^^^^^^^^^^^^^^^^^^^^^^^
  File "/home/santhakumar/Documents/Pharmacy-web-App/backend/venv/lib/python3.12/site-packages/celery/app/base.py", line 691, in _autodiscover_tasks
    return self._autodiscover_tasks_from_fixups(related_name)
           ^^^^^^^^^^^^^^^^^^^^^^^^^^^^^^^^^^^^^^^^^^^^^^^^^^
  File "/home/santhakumar/Documents/Pharmacy-web-App/backend/venv/lib/python3.12/site-packages/celery/app/base.py", line 703, in _autodiscover_tasks_from_fixups
    for pkg in fixup.autodiscover_tasks()
               ^^^^^^^^^^^^^^^^^^^^^^^^^^
  File "/home/santhakumar/Documents/Pharmacy-web-App/backend/venv/lib/python3.12/site-packages/celery/fixups/django.py", line 107, in autodiscover_tasks
    return [config.name for config in apps.get_app_configs()]
                                      ^^^^^^^^^^^^^^^^^^^^^^
  File "/home/santhakumar/Documents/Pharmacy-web-App/backend/venv/lib/python3.12/site-packages/django/apps/registry.py", line 147, in get_app_configs
    self.check_apps_ready()
  File "/home/santhakumar/Documents/Pharmacy-web-App/backend/venv/lib/python3.12/site-packages/django/apps/registry.py", line 138, in check_apps_ready
    raise AppRegistryNotReady("Apps aren't loaded yet.")
django.core.exceptions.AppRegistryNotReady: Apps aren't loaded yet.
ERROR 2025-10-12 13:24:42,178 signal 277721 139432006275200 Signal handler <bound method DjangoFixup.on_import_modules of <celery.fixups.django.DjangoFixup object at 0x7ed008d1fb60>> raised: ImproperlyConfigured("Cannot import 'orders'. Check that 'backend.orders.apps.OrdersConfig.name' is correct.")
Traceback (most recent call last):
  File "/home/santhakumar/Documents/Pharmacy-web-App/backend/venv/lib/python3.12/site-packages/django/apps/config.py", line 210, in create
    app_module = import_module(app_name)
                 ^^^^^^^^^^^^^^^^^^^^^^^
  File "/usr/lib/python3.12/importlib/__init__.py", line 90, in import_module
    return _bootstrap._gcd_import(name[level:], package, level)
           ^^^^^^^^^^^^^^^^^^^^^^^^^^^^^^^^^^^^^^^^^^^^^^^^^^^^
  File "<frozen importlib._bootstrap>", line 1387, in _gcd_import
  File "<frozen importlib._bootstrap>", line 1360, in _find_and_load
  File "<frozen importlib._bootstrap>", line 1324, in _find_and_load_unlocked
ModuleNotFoundError: No module named 'orders'

During handling of the above exception, another exception occurred:

Traceback (most recent call last):
  File "/home/santhakumar/Documents/Pharmacy-web-App/backend/venv/lib/python3.12/site-packages/celery/utils/dispatch/signal.py", line 276, in send
    response = receiver(signal=self, sender=sender, **named)
               ^^^^^^^^^^^^^^^^^^^^^^^^^^^^^^^^^^^^^^^^^^^^^
  File "/home/santhakumar/Documents/Pharmacy-web-App/backend/venv/lib/python3.12/site-packages/celery/fixups/django.py", line 97, in on_import_modules
    self.worker_fixup.validate_models()
  File "/home/santhakumar/Documents/Pharmacy-web-App/backend/venv/lib/python3.12/site-packages/celery/fixups/django.py", line 135, in validate_models
    self.django_setup()
  File "/home/santhakumar/Documents/Pharmacy-web-App/backend/venv/lib/python3.12/site-packages/celery/fixups/django.py", line 131, in django_setup
    django.setup()
  File "/home/santhakumar/Documents/Pharmacy-web-App/backend/venv/lib/python3.12/site-packages/django/__init__.py", line 24, in setup
    apps.populate(settings.INSTALLED_APPS)
  File "/home/santhakumar/Documents/Pharmacy-web-App/backend/venv/lib/python3.12/site-packages/django/apps/registry.py", line 91, in populate
    app_config = AppConfig.create(entry)
                 ^^^^^^^^^^^^^^^^^^^^^^^
  File "/home/santhakumar/Documents/Pharmacy-web-App/backend/venv/lib/python3.12/site-packages/django/apps/config.py", line 212, in create
    raise ImproperlyConfigured(
django.core.exceptions.ImproperlyConfigured: Cannot import 'orders'. Check that 'backend.orders.apps.OrdersConfig.name' is correct.
ERROR 2025-10-12 13:24:42,182 signal 277721 139432006275200 Signal handler <promise@0x7ed008f12e90 --> <bound method Celery._autodiscover_tasks of <Celery backend at 0x7ed008d1fa70>>> raised: AppRegistryNotReady("Apps aren't loaded yet.")
Traceback (most recent call last):
  File "/home/santhakumar/Documents/Pharmacy-web-App/backend/venv/lib/python3.12/site-packages/celery/utils/dispatch/signal.py", line 276, in send
    response = receiver(signal=self, sender=sender, **named)
               ^^^^^^^^^^^^^^^^^^^^^^^^^^^^^^^^^^^^^^^^^^^^^
  File "/home/santhakumar/Documents/Pharmacy-web-App/backend/venv/lib/python3.12/site-packages/vine/promises.py", line 161, in __call__
    return self.throw()
           ^^^^^^^^^^^^
  File "/home/santhakumar/Documents/Pharmacy-web-App/backend/venv/lib/python3.12/site-packages/vine/promises.py", line 158, in __call__
    retval = fun(*final_args, **final_kwargs)
             ^^^^^^^^^^^^^^^^^^^^^^^^^^^^^^^^
  File "/home/santhakumar/Documents/Pharmacy-web-App/backend/venv/lib/python3.12/site-packages/celery/app/base.py", line 691, in _autodiscover_tasks
    return self._autodiscover_tasks_from_fixups(related_name)
           ^^^^^^^^^^^^^^^^^^^^^^^^^^^^^^^^^^^^^^^^^^^^^^^^^^
  File "/home/santhakumar/Documents/Pharmacy-web-App/backend/venv/lib/python3.12/site-packages/celery/app/base.py", line 703, in _autodiscover_tasks_from_fixups
    for pkg in fixup.autodiscover_tasks()
               ^^^^^^^^^^^^^^^^^^^^^^^^^^
  File "/home/santhakumar/Documents/Pharmacy-web-App/backend/venv/lib/python3.12/site-packages/celery/fixups/django.py", line 107, in autodiscover_tasks
    return [config.name for config in apps.get_app_configs()]
                                      ^^^^^^^^^^^^^^^^^^^^^^
  File "/home/santhakumar/Documents/Pharmacy-web-App/backend/venv/lib/python3.12/site-packages/django/apps/registry.py", line 147, in get_app_configs
    self.check_apps_ready()
  File "/home/santhakumar/Documents/Pharmacy-web-App/backend/venv/lib/python3.12/site-packages/django/apps/registry.py", line 138, in check_apps_ready
    raise AppRegistryNotReady("Apps aren't loaded yet.")
django.core.exceptions.AppRegistryNotReady: Apps aren't loaded yet.
ERROR 2025-10-12 13:26:41,997 signal 278868 127735568347264 Signal handler <bound method DjangoFixup.on_import_modules of <celery.fixups.django.DjangoFixup object at 0x742cbef02930>> raised: ModuleNotFoundError("No module named 'usermanagement'")
Traceback (most recent call last):
  File "/home/santhakumar/Documents/Pharmacy-web-App/backend/venv/lib/python3.12/site-packages/celery/utils/dispatch/signal.py", line 276, in send
    response = receiver(signal=self, sender=sender, **named)
               ^^^^^^^^^^^^^^^^^^^^^^^^^^^^^^^^^^^^^^^^^^^^^
  File "/home/santhakumar/Documents/Pharmacy-web-App/backend/venv/lib/python3.12/site-packages/celery/fixups/django.py", line 97, in on_import_modules
    self.worker_fixup.validate_models()
  File "/home/santhakumar/Documents/Pharmacy-web-App/backend/venv/lib/python3.12/site-packages/celery/fixups/django.py", line 135, in validate_models
    self.django_setup()
  File "/home/santhakumar/Documents/Pharmacy-web-App/backend/venv/lib/python3.12/site-packages/celery/fixups/django.py", line 131, in django_setup
    django.setup()
  File "/home/santhakumar/Documents/Pharmacy-web-App/backend/venv/lib/python3.12/site-packages/django/__init__.py", line 24, in setup
    apps.populate(settings.INSTALLED_APPS)
  File "/home/santhakumar/Documents/Pharmacy-web-App/backend/venv/lib/python3.12/site-packages/django/apps/registry.py", line 116, in populate
    app_config.import_models()
  File "/home/santhakumar/Documents/Pharmacy-web-App/backend/venv/lib/python3.12/site-packages/django/apps/config.py", line 269, in import_models
    self.models_module = import_module(models_module_name)
                         ^^^^^^^^^^^^^^^^^^^^^^^^^^^^^^^^^
  File "/usr/lib/python3.12/importlib/__init__.py", line 90, in import_module
    return _bootstrap._gcd_import(name[level:], package, level)
           ^^^^^^^^^^^^^^^^^^^^^^^^^^^^^^^^^^^^^^^^^^^^^^^^^^^^
  File "<frozen importlib._bootstrap>", line 1387, in _gcd_import
  File "<frozen importlib._bootstrap>", line 1360, in _find_and_load
  File "<frozen importlib._bootstrap>", line 1331, in _find_and_load_unlocked
  File "<frozen importlib._bootstrap>", line 935, in _load_unlocked
  File "<frozen importlib._bootstrap_external>", line 995, in exec_module
  File "<frozen importlib._bootstrap>", line 488, in _call_with_frames_removed
  File "/home/santhakumar/Documents/Pharmacy-web-App/backend/orders/models.py", line 2, in <module>
    from usermanagement.models import User
ModuleNotFoundError: No module named 'usermanagement'
ERROR 2025-10-12 13:26:42,631 signal 278868 127735568347264 Signal handler <promise@0x742cbeefee90 --> <bound method Celery._autodiscover_tasks of <Celery backend at 0x742cbef009b0>>> raised: ModuleNotFoundError("No module named 'product'")
Traceback (most recent call last):
  File "/home/santhakumar/Documents/Pharmacy-web-App/backend/venv/lib/python3.12/site-packages/celery/utils/dispatch/signal.py", line 276, in send
    response = receiver(signal=self, sender=sender, **named)
               ^^^^^^^^^^^^^^^^^^^^^^^^^^^^^^^^^^^^^^^^^^^^^
  File "/home/santhakumar/Documents/Pharmacy-web-App/backend/venv/lib/python3.12/site-packages/vine/promises.py", line 161, in __call__
    return self.throw()
           ^^^^^^^^^^^^
  File "/home/santhakumar/Documents/Pharmacy-web-App/backend/venv/lib/python3.12/site-packages/vine/promises.py", line 158, in __call__
    retval = fun(*final_args, **final_kwargs)
             ^^^^^^^^^^^^^^^^^^^^^^^^^^^^^^^^
  File "/home/santhakumar/Documents/Pharmacy-web-App/backend/venv/lib/python3.12/site-packages/celery/app/base.py", line 691, in _autodiscover_tasks
    return self._autodiscover_tasks_from_fixups(related_name)
           ^^^^^^^^^^^^^^^^^^^^^^^^^^^^^^^^^^^^^^^^^^^^^^^^^^
  File "/home/santhakumar/Documents/Pharmacy-web-App/backend/venv/lib/python3.12/site-packages/celery/app/base.py", line 700, in _autodiscover_tasks_from_fixups
    return self._autodiscover_tasks_from_names([
           ^^^^^^^^^^^^^^^^^^^^^^^^^^^^^^^^^^^^^
  File "/home/santhakumar/Documents/Pharmacy-web-App/backend/venv/lib/python3.12/site-packages/celery/app/base.py", line 695, in _autodiscover_tasks_from_names
    return self.loader.autodiscover_tasks(
           ^^^^^^^^^^^^^^^^^^^^^^^^^^^^^^^
  File "/home/santhakumar/Documents/Pharmacy-web-App/backend/venv/lib/python3.12/site-packages/celery/loaders/base.py", line 220, in autodiscover_tasks
    mod.__name__ for mod in autodiscover_tasks(packages or (),
                            ^^^^^^^^^^^^^^^^^^^^^^^^^^^^^^^^^^
  File "/home/santhakumar/Documents/Pharmacy-web-App/backend/venv/lib/python3.12/site-packages/celery/loaders/base.py", line 246, in autodiscover_tasks
    return [find_related_module(pkg, related_name) for pkg in packages]
            ^^^^^^^^^^^^^^^^^^^^^^^^^^^^^^^^^^^^^^
  File "/home/santhakumar/Documents/Pharmacy-web-App/backend/venv/lib/python3.12/site-packages/celery/loaders/base.py", line 271, in find_related_module
    raise e
  File "/home/santhakumar/Documents/Pharmacy-web-App/backend/venv/lib/python3.12/site-packages/celery/loaders/base.py", line 267, in find_related_module
    return importlib.import_module(module_name)
           ^^^^^^^^^^^^^^^^^^^^^^^^^^^^^^^^^^^^
  File "/usr/lib/python3.12/importlib/__init__.py", line 90, in import_module
    return _bootstrap._gcd_import(name[level:], package, level)
           ^^^^^^^^^^^^^^^^^^^^^^^^^^^^^^^^^^^^^^^^^^^^^^^^^^^^
  File "<frozen importlib._bootstrap>", line 1387, in _gcd_import
  File "<frozen importlib._bootstrap>", line 1360, in _find_and_load
  File "<frozen importlib._bootstrap>", line 1331, in _find_and_load_unlocked
  File "<frozen importlib._bootstrap>", line 935, in _load_unlocked
  File "<frozen importlib._bootstrap_external>", line 995, in exec_module
  File "<frozen importlib._bootstrap>", line 488, in _call_with_frames_removed
  File "/home/santhakumar/Documents/Pharmacy-web-App/backend/prescriptions/tasks.py", line 2, in <module>
    from .ocr_service import OCRService
  File "/home/santhakumar/Documents/Pharmacy-web-App/backend/prescriptions/ocr_service.py", line 19, in <module>
    from product.models import Product, GenericName
ModuleNotFoundError: No module named 'product'
ERROR 2025-10-12 13:28:46,474 signal 280030 129608646025344 Signal handler <bound method DjangoFixup.on_import_modules of <celery.fixups.django.DjangoFixup object at 0x75e0db699730>> raised: ModuleNotFoundError("No module named 'product'")
Traceback (most recent call last):
  File "/home/santhakumar/Documents/Pharmacy-web-App/backend/venv/lib/python3.12/site-packages/celery/utils/dispatch/signal.py", line 276, in send
    response = receiver(signal=self, sender=sender, **named)
               ^^^^^^^^^^^^^^^^^^^^^^^^^^^^^^^^^^^^^^^^^^^^^
  File "/home/santhakumar/Documents/Pharmacy-web-App/backend/venv/lib/python3.12/site-packages/celery/fixups/django.py", line 97, in on_import_modules
    self.worker_fixup.validate_models()
  File "/home/santhakumar/Documents/Pharmacy-web-App/backend/venv/lib/python3.12/site-packages/celery/fixups/django.py", line 135, in validate_models
    self.django_setup()
  File "/home/santhakumar/Documents/Pharmacy-web-App/backend/venv/lib/python3.12/site-packages/celery/fixups/django.py", line 131, in django_setup
    django.setup()
  File "/home/santhakumar/Documents/Pharmacy-web-App/backend/venv/lib/python3.12/site-packages/django/__init__.py", line 24, in setup
    apps.populate(settings.INSTALLED_APPS)
  File "/home/santhakumar/Documents/Pharmacy-web-App/backend/venv/lib/python3.12/site-packages/django/apps/registry.py", line 116, in populate
    app_config.import_models()
  File "/home/santhakumar/Documents/Pharmacy-web-App/backend/venv/lib/python3.12/site-packages/django/apps/config.py", line 269, in import_models
    self.models_module = import_module(models_module_name)
                         ^^^^^^^^^^^^^^^^^^^^^^^^^^^^^^^^^
  File "/usr/lib/python3.12/importlib/__init__.py", line 90, in import_module
    return _bootstrap._gcd_import(name[level:], package, level)
           ^^^^^^^^^^^^^^^^^^^^^^^^^^^^^^^^^^^^^^^^^^^^^^^^^^^^
  File "<frozen importlib._bootstrap>", line 1387, in _gcd_import
  File "<frozen importlib._bootstrap>", line 1360, in _find_and_load
  File "<frozen importlib._bootstrap>", line 1331, in _find_and_load_unlocked
  File "<frozen importlib._bootstrap>", line 935, in _load_unlocked
  File "<frozen importlib._bootstrap_external>", line 995, in exec_module
  File "<frozen importlib._bootstrap>", line 488, in _call_with_frames_removed
  File "/home/santhakumar/Documents/Pharmacy-web-App/backend/prescriptions/models.py", line 2, in <module>
    from product.models import Product, Batch
ModuleNotFoundError: No module named 'product'
ERROR 2025-10-12 13:28:47,289 signal 280030 129608646025344 Signal handler <promise@0x75e0db0fae90 --> <bound method Celery._autodiscover_tasks of <Celery backend at 0x75e0db1009b0>>> raised: ModuleNotFoundError("No module named 'backend.settings'")
Traceback (most recent call last):
  File "/home/santhakumar/Documents/Pharmacy-web-App/backend/venv/lib/python3.12/site-packages/celery/utils/dispatch/signal.py", line 276, in send
    response = receiver(signal=self, sender=sender, **named)
               ^^^^^^^^^^^^^^^^^^^^^^^^^^^^^^^^^^^^^^^^^^^^^
  File "/home/santhakumar/Documents/Pharmacy-web-App/backend/venv/lib/python3.12/site-packages/vine/promises.py", line 161, in __call__
    return self.throw()
           ^^^^^^^^^^^^
  File "/home/santhakumar/Documents/Pharmacy-web-App/backend/venv/lib/python3.12/site-packages/vine/promises.py", line 158, in __call__
    retval = fun(*final_args, **final_kwargs)
             ^^^^^^^^^^^^^^^^^^^^^^^^^^^^^^^^
  File "/home/santhakumar/Documents/Pharmacy-web-App/backend/venv/lib/python3.12/site-packages/celery/app/base.py", line 691, in _autodiscover_tasks
    return self._autodiscover_tasks_from_fixups(related_name)
           ^^^^^^^^^^^^^^^^^^^^^^^^^^^^^^^^^^^^^^^^^^^^^^^^^^
  File "/home/santhakumar/Documents/Pharmacy-web-App/backend/venv/lib/python3.12/site-packages/celery/app/base.py", line 700, in _autodiscover_tasks_from_fixups
    return self._autodiscover_tasks_from_names([
           ^^^^^^^^^^^^^^^^^^^^^^^^^^^^^^^^^^^^^
  File "/home/santhakumar/Documents/Pharmacy-web-App/backend/venv/lib/python3.12/site-packages/celery/app/base.py", line 695, in _autodiscover_tasks_from_names
    return self.loader.autodiscover_tasks(
           ^^^^^^^^^^^^^^^^^^^^^^^^^^^^^^^
  File "/home/santhakumar/Documents/Pharmacy-web-App/backend/venv/lib/python3.12/site-packages/celery/loaders/base.py", line 220, in autodiscover_tasks
    mod.__name__ for mod in autodiscover_tasks(packages or (),
                            ^^^^^^^^^^^^^^^^^^^^^^^^^^^^^^^^^^
  File "/home/santhakumar/Documents/Pharmacy-web-App/backend/venv/lib/python3.12/site-packages/celery/loaders/base.py", line 246, in autodiscover_tasks
    return [find_related_module(pkg, related_name) for pkg in packages]
            ^^^^^^^^^^^^^^^^^^^^^^^^^^^^^^^^^^^^^^
  File "/home/santhakumar/Documents/Pharmacy-web-App/backend/venv/lib/python3.12/site-packages/celery/loaders/base.py", line 271, in find_related_module
    raise e
  File "/home/santhakumar/Documents/Pharmacy-web-App/backend/venv/lib/python3.12/site-packages/celery/loaders/base.py", line 267, in find_related_module
    return importlib.import_module(module_name)
           ^^^^^^^^^^^^^^^^^^^^^^^^^^^^^^^^^^^^
  File "/usr/lib/python3.12/importlib/__init__.py", line 90, in import_module
    return _bootstrap._gcd_import(name[level:], package, level)
           ^^^^^^^^^^^^^^^^^^^^^^^^^^^^^^^^^^^^^^^^^^^^^^^^^^^^
  File "<frozen importlib._bootstrap>", line 1387, in _gcd_import
  File "<frozen importlib._bootstrap>", line 1360, in _find_and_load
  File "<frozen importlib._bootstrap>", line 1331, in _find_and_load_unlocked
  File "<frozen importlib._bootstrap>", line 935, in _load_unlocked
  File "<frozen importlib._bootstrap_external>", line 995, in exec_module
  File "<frozen importlib._bootstrap>", line 488, in _call_with_frames_removed
  File "/home/santhakumar/Documents/Pharmacy-web-App/backend/prescriptions/tasks.py", line 2, in <module>
    from .ocr_service import OCRService
  File "/home/santhakumar/Documents/Pharmacy-web-App/backend/prescriptions/ocr_service.py", line 20, in <module>
    from backend.settings import GOOGLE_API_KEY
ModuleNotFoundError: No module named 'backend.settings'
ERROR 2025-10-12 14:01:34,134 signal 297291 133702219411584 Signal handler <bound method DjangoFixup.on_import_modules of <celery.fixups.django.DjangoFixup object at 0x7999f76b9b20>> raised: ModuleNotFoundError("No module named 'product'")
Traceback (most recent call last):
  File "/home/santhakumar/Documents/Pharmacy-web-App/venv/lib/python3.12/site-packages/celery/utils/dispatch/signal.py", line 276, in send
    response = receiver(signal=self, sender=sender, **named)
               ^^^^^^^^^^^^^^^^^^^^^^^^^^^^^^^^^^^^^^^^^^^^^
  File "/home/santhakumar/Documents/Pharmacy-web-App/venv/lib/python3.12/site-packages/celery/fixups/django.py", line 97, in on_import_modules
    self.worker_fixup.validate_models()
  File "/home/santhakumar/Documents/Pharmacy-web-App/venv/lib/python3.12/site-packages/celery/fixups/django.py", line 135, in validate_models
    self.django_setup()
  File "/home/santhakumar/Documents/Pharmacy-web-App/venv/lib/python3.12/site-packages/celery/fixups/django.py", line 131, in django_setup
    django.setup()
  File "/home/santhakumar/Documents/Pharmacy-web-App/venv/lib/python3.12/site-packages/django/__init__.py", line 24, in setup
    apps.populate(settings.INSTALLED_APPS)
  File "/home/santhakumar/Documents/Pharmacy-web-App/venv/lib/python3.12/site-packages/django/apps/registry.py", line 91, in populate
    app_config = AppConfig.create(entry)
                 ^^^^^^^^^^^^^^^^^^^^^^^
  File "/home/santhakumar/Documents/Pharmacy-web-App/venv/lib/python3.12/site-packages/django/apps/config.py", line 193, in create
    import_module(entry)
  File "/usr/lib/python3.12/importlib/__init__.py", line 90, in import_module
    return _bootstrap._gcd_import(name[level:], package, level)
           ^^^^^^^^^^^^^^^^^^^^^^^^^^^^^^^^^^^^^^^^^^^^^^^^^^^^
  File "<frozen importlib._bootstrap>", line 1387, in _gcd_import
  File "<frozen importlib._bootstrap>", line 1360, in _find_and_load
  File "<frozen importlib._bootstrap>", line 1324, in _find_and_load_unlocked
ModuleNotFoundError: No module named 'product'
ERROR 2025-10-12 14:01:34,138 signal 297291 133702219411584 Signal handler <promise@0x7999f716be30 --> <bound method Celery._autodiscover_tasks of <Celery backend at 0x7999f71739e0>>> raised: AppRegistryNotReady("Apps aren't loaded yet.")
Traceback (most recent call last):
  File "/home/santhakumar/Documents/Pharmacy-web-App/venv/lib/python3.12/site-packages/celery/utils/dispatch/signal.py", line 276, in send
    response = receiver(signal=self, sender=sender, **named)
               ^^^^^^^^^^^^^^^^^^^^^^^^^^^^^^^^^^^^^^^^^^^^^
  File "/home/santhakumar/Documents/Pharmacy-web-App/venv/lib/python3.12/site-packages/vine/promises.py", line 161, in __call__
    return self.throw()
           ^^^^^^^^^^^^
  File "/home/santhakumar/Documents/Pharmacy-web-App/venv/lib/python3.12/site-packages/vine/promises.py", line 158, in __call__
    retval = fun(*final_args, **final_kwargs)
             ^^^^^^^^^^^^^^^^^^^^^^^^^^^^^^^^
  File "/home/santhakumar/Documents/Pharmacy-web-App/venv/lib/python3.12/site-packages/celery/app/base.py", line 692, in _autodiscover_tasks
    return self._autodiscover_tasks_from_fixups(related_name)
           ^^^^^^^^^^^^^^^^^^^^^^^^^^^^^^^^^^^^^^^^^^^^^^^^^^
  File "/home/santhakumar/Documents/Pharmacy-web-App/venv/lib/python3.12/site-packages/celery/app/base.py", line 704, in _autodiscover_tasks_from_fixups
    for pkg in fixup.autodiscover_tasks()
               ^^^^^^^^^^^^^^^^^^^^^^^^^^
  File "/home/santhakumar/Documents/Pharmacy-web-App/venv/lib/python3.12/site-packages/celery/fixups/django.py", line 107, in autodiscover_tasks
    return [config.name for config in apps.get_app_configs()]
                                      ^^^^^^^^^^^^^^^^^^^^^^
  File "/home/santhakumar/Documents/Pharmacy-web-App/venv/lib/python3.12/site-packages/django/apps/registry.py", line 147, in get_app_configs
    self.check_apps_ready()
  File "/home/santhakumar/Documents/Pharmacy-web-App/venv/lib/python3.12/site-packages/django/apps/registry.py", line 138, in check_apps_ready
    raise AppRegistryNotReady("Apps aren't loaded yet.")
django.core.exceptions.AppRegistryNotReady: Apps aren't loaded yet.
ERROR 2025-10-12 14:02:16,311 signal 297736 123208531746944 Signal handler <bound method DjangoFixup.on_import_modules of <celery.fixups.django.DjangoFixup object at 0x700eb6873ef0>> raised: ImproperlyConfigured("Cannot import 'product'. Check that 'backend.product.apps.ProductConfig.name' is correct.")
Traceback (most recent call last):
  File "/home/santhakumar/Documents/Pharmacy-web-App/venv/lib/python3.12/site-packages/django/apps/config.py", line 210, in create
    app_module = import_module(app_name)
                 ^^^^^^^^^^^^^^^^^^^^^^^
  File "/usr/lib/python3.12/importlib/__init__.py", line 90, in import_module
    return _bootstrap._gcd_import(name[level:], package, level)
           ^^^^^^^^^^^^^^^^^^^^^^^^^^^^^^^^^^^^^^^^^^^^^^^^^^^^
  File "<frozen importlib._bootstrap>", line 1387, in _gcd_import
  File "<frozen importlib._bootstrap>", line 1360, in _find_and_load
  File "<frozen importlib._bootstrap>", line 1324, in _find_and_load_unlocked
ModuleNotFoundError: No module named 'product'

During handling of the above exception, another exception occurred:

Traceback (most recent call last):
  File "/home/santhakumar/Documents/Pharmacy-web-App/venv/lib/python3.12/site-packages/celery/utils/dispatch/signal.py", line 276, in send
    response = receiver(signal=self, sender=sender, **named)
               ^^^^^^^^^^^^^^^^^^^^^^^^^^^^^^^^^^^^^^^^^^^^^
  File "/home/santhakumar/Documents/Pharmacy-web-App/venv/lib/python3.12/site-packages/celery/fixups/django.py", line 97, in on_import_modules
    self.worker_fixup.validate_models()
  File "/home/santhakumar/Documents/Pharmacy-web-App/venv/lib/python3.12/site-packages/celery/fixups/django.py", line 135, in validate_models
    self.django_setup()
  File "/home/santhakumar/Documents/Pharmacy-web-App/venv/lib/python3.12/site-packages/celery/fixups/django.py", line 131, in django_setup
    django.setup()
  File "/home/santhakumar/Documents/Pharmacy-web-App/venv/lib/python3.12/site-packages/django/__init__.py", line 24, in setup
    apps.populate(settings.INSTALLED_APPS)
  File "/home/santhakumar/Documents/Pharmacy-web-App/venv/lib/python3.12/site-packages/django/apps/registry.py", line 91, in populate
    app_config = AppConfig.create(entry)
                 ^^^^^^^^^^^^^^^^^^^^^^^
  File "/home/santhakumar/Documents/Pharmacy-web-App/venv/lib/python3.12/site-packages/django/apps/config.py", line 212, in create
    raise ImproperlyConfigured(
django.core.exceptions.ImproperlyConfigured: Cannot import 'product'. Check that 'backend.product.apps.ProductConfig.name' is correct.
ERROR 2025-10-12 14:02:16,313 signal 297736 123208531746944 Signal handler <promise@0x700eb686be30 --> <bound method Celery._autodiscover_tasks of <Celery backend at 0x700eb6873bc0>>> raised: AppRegistryNotReady("Apps aren't loaded yet.")
Traceback (most recent call last):
  File "/home/santhakumar/Documents/Pharmacy-web-App/venv/lib/python3.12/site-packages/celery/utils/dispatch/signal.py", line 276, in send
    response = receiver(signal=self, sender=sender, **named)
               ^^^^^^^^^^^^^^^^^^^^^^^^^^^^^^^^^^^^^^^^^^^^^
  File "/home/santhakumar/Documents/Pharmacy-web-App/venv/lib/python3.12/site-packages/vine/promises.py", line 161, in __call__
    return self.throw()
           ^^^^^^^^^^^^
  File "/home/santhakumar/Documents/Pharmacy-web-App/venv/lib/python3.12/site-packages/vine/promises.py", line 158, in __call__
    retval = fun(*final_args, **final_kwargs)
             ^^^^^^^^^^^^^^^^^^^^^^^^^^^^^^^^
  File "/home/santhakumar/Documents/Pharmacy-web-App/venv/lib/python3.12/site-packages/celery/app/base.py", line 692, in _autodiscover_tasks
    return self._autodiscover_tasks_from_fixups(related_name)
           ^^^^^^^^^^^^^^^^^^^^^^^^^^^^^^^^^^^^^^^^^^^^^^^^^^
  File "/home/santhakumar/Documents/Pharmacy-web-App/venv/lib/python3.12/site-packages/celery/app/base.py", line 704, in _autodiscover_tasks_from_fixups
    for pkg in fixup.autodiscover_tasks()
               ^^^^^^^^^^^^^^^^^^^^^^^^^^
  File "/home/santhakumar/Documents/Pharmacy-web-App/venv/lib/python3.12/site-packages/celery/fixups/django.py", line 107, in autodiscover_tasks
    return [config.name for config in apps.get_app_configs()]
                                      ^^^^^^^^^^^^^^^^^^^^^^
  File "/home/santhakumar/Documents/Pharmacy-web-App/venv/lib/python3.12/site-packages/django/apps/registry.py", line 147, in get_app_configs
    self.check_apps_ready()
  File "/home/santhakumar/Documents/Pharmacy-web-App/venv/lib/python3.12/site-packages/django/apps/registry.py", line 138, in check_apps_ready
    raise AppRegistryNotReady("Apps aren't loaded yet.")
django.core.exceptions.AppRegistryNotReady: Apps aren't loaded yet.
